<?xml version="1.0" encoding="UTF-8"?>
<testsuite xmlns:xsi="http://www.w3.org/2001/XMLSchema-instance" xsi:noNamespaceSchemaLocation="https://maven.apache.org/surefire/maven-surefire-plugin/xsd/surefire-test-report-3.0.xsd" version="3.0" name="Proyecto_Punto_y_Coma.ENTIDAD.ReservaTest" time="0.075" tests="6" errors="0" skipped="0" failures="0">
  <properties>
[...]
</properties>
  <testcase name="testErroneo" classname="Proyecto_Punto_y_Coma.ENTIDAD.ReservaTest" time="0.032"/>
  <testcase name="testCancelar" classname="Proyecto_Punto_y_Coma.ENTIDAD.ReservaTest" time="0.003"/>
  <testcase name="testSeSolapa" classname="Proyecto_Punto_y_Coma.ENTIDAD.ReservaTest" time="0.001"/>
  <testcase name="testLimite" classname="Proyecto_Punto_y_Coma.ENTIDAD.ReservaTest" time="0.001"/>
  <testcase name="testNominal" classname="Proyecto_Punto_y_Coma.ENTIDAD.ReservaTest" time="0.003">
    <system-out><![CDATA[165.0----------
]]></system-out>
  </testcase>
  <testcase name="testErroneo2" classname="Proyecto_Punto_y_Coma.ENTIDAD.ReservaTest" time="0.001"/>
</testsuite>